#
# There is insufficient memory for the Java Runtime Environment to continue.
# Native memory allocation (malloc) failed to allocate 409616 bytes for Chunk::new
# Possible reasons:
#   The system is out of physical RAM or swap space
#   In 32 bit mode, the process size limit was hit
# Possible solutions:
#   Reduce memory load on the system
#   Increase physical memory or swap space
#   Check if swap backing store is full
#   Use 64 bit Java on a 64 bit OS
#   Decrease Java heap size (-Xmx/-Xms)
#   Decrease number of Java threads
#   Decrease Java thread stack sizes (-Xss)
#   Set larger code cache with -XX:ReservedCodeCacheSize=
# This output file may be truncated or incomplete.
#
#  Out of Memory Error (allocation.cpp:390), pid=8116, tid=6252
#
# JRE version: Java(TM) SE Runtime Environment (8.0_65-b17) (build 1.8.0_65-b17)
# Java VM: Java HotSpot(TM) 64-Bit Server VM (25.65-b01 mixed mode windows-amd64 compressed oops)
# Failed to write core dump. Minidumps are not enabled by default on client versions of Windows
#

---------------  T H R E A D  ---------------

Current thread (0x0000000016c65000):  JavaThread "JavaFX Application Thread" [_thread_in_vm, id=6252, stack(0x00000000178a0000,0x00000000179a0000)]

Stack: [0x00000000178a0000,0x00000000179a0000]
[error occurred during error reporting (printing stack bounds), id 0xc0000005]

Native frames: (J=compiled Java code, j=interpreted, Vv=VM code, C=native code)

Java frames: (J=compiled Java code, j=interpreted, Vv=VM code)
j  org.ocpsoft.prettytime.shade.com.joestelmach.natty.Parser.collectTokenStreams(Lorg/ocpsoft/prettytime/shade/org/antlr/runtime/TokenStream;)Ljava/util/List;+111
j  org.ocpsoft.prettytime.shade.com.joestelmach.natty.Parser.parse(Ljava/lang/String;)Ljava/util/List;+58
j  org.ocpsoft.prettytime.nlp.PrettyTimeParser.parseSyntax(Ljava/lang/String;)Ljava/util/List;+19
j  main.POMPOM.init()V+25
j  main.POMPOM.<init>()V+5
j  gui.Controller.<init>()V+27
v  ~StubRoutines::call_stub
j  sun.reflect.NativeConstructorAccessorImpl.newInstance0(Ljava/lang/reflect/Constructor;[Ljava/lang/Object;)Ljava/lang/Object;+0
j  sun.reflect.NativeConstructorAccessorImpl.newInstance([Ljava/lang/Object;)Ljava/lang/Object;+85
j  sun.reflect.DelegatingConstructorAccessorImpl.newInstance([Ljava/lang/Object;)Ljava/lang/Object;+5
j  java.lang.reflect.Constructor.newInstance([Ljava/lang/Object;)Ljava/lang/Object;+79
j  java.lang.Class.newInstance()Ljava/lang/Object;+138
j  sun.reflect.misc.ReflectUtil.newInstance(Ljava/lang/Class;)Ljava/lang/Object;+5
j  javafx.fxml.FXMLLoader$ValueElement.processAttribute(Ljava/lang/String;Ljava/lang/String;Ljava/lang/String;)V+199
j  javafx.fxml.FXMLLoader$InstanceDeclarationElement.processAttribute(Ljava/lang/String;Ljava/lang/String;Ljava/lang/String;)V+68
j  javafx.fxml.FXMLLoader$Element.processStartElement()V+131
j  javafx.fxml.FXMLLoader$ValueElement.processStartElement()V+1
j  javafx.fxml.FXMLLoader.processStartElement()V+8
j  javafx.fxml.FXMLLoader.loadImpl(Ljava/io/InputStream;Ljava/lang/Class;)Ljava/lang/Object;+203
j  javafx.fxml.FXMLLoader.loadImpl(Ljava/lang/Class;)Ljava/lang/Object;+30
j  javafx.fxml.FXMLLoader.loadImpl(Ljava/net/URL;Ljava/util/ResourceBundle;Ljavafx/util/BuilderFactory;Ljavafx/util/Callback;Ljava/nio/charset/Charset;Ljava/lang/Class;)Ljava/lang/Object;+34
j  javafx.fxml.FXMLLoader.loadImpl(Ljava/net/URL;Ljava/util/ResourceBundle;Ljavafx/util/BuilderFactory;Ljavafx/util/Callback;Ljava/lang/Class;)Ljava/lang/Object;+11
j  javafx.fxml.FXMLLoader.loadImpl(Ljava/net/URL;Ljava/util/ResourceBundle;Ljavafx/util/BuilderFactory;Ljava/lang/Class;)Ljava/lang/Object;+5
j  javafx.fxml.FXMLLoader.loadImpl(Ljava/net/URL;Ljava/util/ResourceBundle;Ljava/lang/Class;)Ljava/lang/Object;+4
j  javafx.fxml.FXMLLoader.loadImpl(Ljava/net/URL;Ljava/lang/Class;)Ljava/lang/Object;+3
j  javafx.fxml.FXMLLoader.load(Ljava/net/URL;)Ljava/lang/Object;+14
j  gui.Main.start(Ljavafx/stage/Stage;)V+14
j  com.sun.javafx.application.LauncherImpl.lambda$launchApplication1$163(Ljava/util/concurrent/atomic/AtomicBoolean;Ljavafx/application/Application;)V+20
j  com.sun.javafx.application.LauncherImpl$$Lambda$55.run()V+8
j  com.sun.javafx.application.PlatformImpl.lambda$runAndWait$176(Ljava/lang/Runnable;Ljava/util/concurrent/CountDownLatch;)V+1
j  com.sun.javafx.application.PlatformImpl$$Lambda$48.run()V+8
j  com.sun.javafx.application.PlatformImpl.lambda$null$174(Ljava/lang/Runnable;)Ljava/lang/Void;+1
j  com.sun.javafx.application.PlatformImpl$$Lambda$50.run()Ljava/lang/Object;+4
v  ~StubRoutines::call_stub
j  java.security.AccessController.doPrivileged(Ljava/security/PrivilegedAction;Ljava/security/AccessControlContext;)Ljava/lang/Object;+0
j  com.sun.javafx.application.PlatformImpl.lambda$runLater$175(Ljava/lang/Runnable;Ljava/security/AccessControlContext;)V+7
j  com.sun.javafx.application.PlatformImpl$$Lambda$49.run()V+8
j  com.sun.glass.ui.InvokeLaterDispatcher$Future.run()V+4
v  ~StubRoutines::call_stub
j  com.sun.glass.ui.win.WinApplication._runLoop(Ljava/lang/Runnable;)V+0
j  com.sun.glass.ui.win.WinApplication.lambda$null$149(ILjava/lang/Runnable;)V+8
j  com.sun.glass.ui.win.WinApplication$$Lambda$38.run()V+12
j  java.lang.Thread.run()V+11
v  ~StubRoutines::call_stub

---------------  P R O C E S S  ---------------

Java Threads: ( => current thread )
  0x0000000016c94000 JavaThread "Thread-3" daemon [_thread_in_native, id=6884, stack(0x0000000019080000,0x0000000019180000)]
  0x0000000016c99800 JavaThread "JavaFX-Launcher" [_thread_blocked, id=3980, stack(0x0000000019180000,0x0000000019280000)]
=>0x0000000016c65000 JavaThread "JavaFX Application Thread" [_thread_in_vm, id=6252, stack(0x00000000178a0000,0x00000000179a0000)]
  0x0000000016a56800 JavaThread "Thread-1" daemon [_thread_blocked, id=2008, stack(0x00000000177a0000,0x00000000178a0000)]
  0x0000000016a17000 JavaThread "QuantumRenderer-0" daemon [_thread_blocked, id=5296, stack(0x0000000017460000,0x0000000017560000)]
  0x0000000014d23800 JavaThread "Service Thread" daemon [_thread_blocked, id=8156, stack(0x0000000016a60000,0x0000000016b60000)]
  0x0000000014d29800 JavaThread "C1 CompilerThread2" daemon [_thread_blocked, id=112, stack(0x0000000016560000,0x0000000016660000)]
  0x0000000014d21800 JavaThread "C2 CompilerThread1" daemon [_thread_blocked, id=7212, stack(0x0000000016460000,0x0000000016560000)]
  0x0000000014d1a000 JavaThread "C2 CompilerThread0" daemon [_thread_blocked, id=6004, stack(0x0000000016360000,0x0000000016460000)]
  0x0000000014d26000 JavaThread "Attach Listener" daemon [_thread_blocked, id=4632, stack(0x0000000016260000,0x0000000016360000)]
  0x0000000014d25000 JavaThread "Signal Dispatcher" daemon [_thread_blocked, id=7196, stack(0x0000000016160000,0x0000000016260000)]
  0x0000000002717800 JavaThread "Finalizer" daemon [_thread_blocked, id=7692, stack(0x0000000015f80000,0x0000000016080000)]
  0x0000000002711000 JavaThread "Reference Handler" daemon [_thread_blocked, id=5548, stack(0x0000000015e80000,0x0000000015f80000)]
  0x0000000002620800 JavaThread "main" [_thread_blocked, id=3380, stack(0x0000000002510000,0x0000000002610000)]

Other Threads:
  0x0000000014ce7800 VMThread [stack: 0x0000000015d80000,0x0000000015e80000] [id=5412]
  0x00000000166a2800 WatcherThread [stack: 0x0000000016b60000,0x0000000016c60000] [id=8016]

VM state:not at safepoint (normal execution)

VM Mutex/Monitor currently owned by a thread: None

Heap:
 PSYoungGen      total 18944K, used 7114K [0x00000000eb200000, 0x00000000ec700000, 0x0000000100000000)
  eden space 16384K, 27% used [0x00000000eb200000,0x00000000eb676aa0,0x00000000ec200000)
  from space 2560K, 99% used [0x00000000ec200000,0x00000000ec47c060,0x00000000ec480000)
  to   space 2560K, 0% used [0x00000000ec480000,0x00000000ec480000,0x00000000ec700000)
 ParOldGen       total 44032K, used 506K [0x00000000c1600000, 0x00000000c4100000, 0x00000000eb200000)
  object space 44032K, 1% used [0x00000000c1600000,0x00000000c167ea40,0x00000000c4100000)
 Metaspace       used 10649K, capacity 10972K, committed 11136K, reserved 1058816K
  class space    used 1211K, capacity 1326K, committed 1408K, reserved 1048576K

Card table byte_map: [0x0000000011ae0000,0x0000000011ce0000] byte_map_base: 0x00000000114d5000

Marking Bits: (ParMarkBitMap*) 0x0000000059a3a5b0
 Begin Bits: [0x0000000012230000, 0x00000000131d8000)
 End Bits:   [0x00000000131d8000, 0x0000000014180000)

Polling page: 0x0000000000d40000

CodeCache: size=245760Kb used=2774Kb max_used=2789Kb free=242985Kb
 bounds [0x0000000002720000, 0x00000000029e0000, 0x0000000011720000]
 total_blobs=1084 nmethods=667 adapters=330
 compilation: enabled

Compilation events (10 events):
Event: 0.649 Thread 0x0000000014d29800 nmethod 663 0x00000000029b8f50 code [0x00000000029b9220, 0x00000000029baa68]
Event: 0.666 Thread 0x0000000014d29800  664       3       java.util.zip.ZipFile$ZipFileInflaterInputStream::fill (80 bytes)
Event: 0.667 Thread 0x0000000014d29800 nmethod 664 0x00000000029b87d0 code [0x00000000029b8960, 0x00000000029b8d68]
Event: 0.667 Thread 0x0000000014d29800  665   !   3       java.util.zip.Inflater::setInput (74 bytes)
Event: 0.667 Thread 0x0000000014d29800 nmethod 665 0x00000000029b7f10 code [0x00000000029b80a0, 0x00000000029b85d8]
Event: 0.671 Thread 0x0000000014d29800  666       3       java.io.File::<init> (113 bytes)
Event: 0.672 Thread 0x0000000014d29800 nmethod 666 0x00000000029bf4d0 code [0x00000000029bf740, 0x00000000029c0468]
Event: 0.678 Thread 0x0000000014d1a000 nmethod 662 0x00000000029d7810 code [0x00000000029d7b40, 0x00000000029d94c0]
Event: 0.725 Thread 0x0000000014d21800  667 %     4       java.lang.String::indexOf @ 69 (166 bytes)
Event: 0.730 Thread 0x0000000014d21800 nmethod 667% 0x00000000029d3c90 code [0x00000000029d3de0, 0x00000000029d4338]

GC Heap History (2 events):
Event: 0.495 GC heap before
{Heap before GC invocations=1 (full 0):
 PSYoungGen      total 18944K, used 16384K [0x00000000eb200000, 0x00000000ec700000, 0x0000000100000000)
  eden space 16384K, 100% used [0x00000000eb200000,0x00000000ec200000,0x00000000ec200000)
  from space 2560K, 0% used [0x00000000ec480000,0x00000000ec480000,0x00000000ec700000)
  to   space 2560K, 0% used [0x00000000ec200000,0x00000000ec200000,0x00000000ec480000)
 ParOldGen       total 44032K, used 0K [0x00000000c1600000, 0x00000000c4100000, 0x00000000eb200000)
  object space 44032K, 0% used [0x00000000c1600000,0x00000000c1600000,0x00000000c4100000)
 Metaspace       used 9511K, capacity 9832K, committed 10112K, reserved 1058816K
  class space    used 1154K, capacity 1294K, committed 1408K, reserved 1048576K
Event: 0.499 GC heap after
Heap after GC invocations=1 (full 0):
 PSYoungGen      total 18944K, used 2544K [0x00000000eb200000, 0x00000000ec700000, 0x0000000100000000)
  eden space 16384K, 0% used [0x00000000eb200000,0x00000000eb200000,0x00000000ec200000)
  from space 2560K, 99% used [0x00000000ec200000,0x00000000ec47c060,0x00000000ec480000)
  to   space 2560K, 0% used [0x00000000ec480000,0x00000000ec480000,0x00000000ec700000)
 ParOldGen       total 44032K, used 506K [0x00000000c1600000, 0x00000000c4100000, 0x00000000eb200000)
  object space 44032K, 1% used [0x00000000c1600000,0x00000000c167ea40,0x00000000c4100000)
 Metaspace       used 9511K, capacity 9832K, committed 10112K, reserved 1058816K
  class space    used 1154K, capacity 1294K, committed 1408K, reserved 1048576K
}

Deoptimization events (4 events):
Event: 0.330 Thread 0x0000000016c65000 Uncommon trap: reason=unstable_if action=reinterpret pc=0x00000000028c4584 method=java.lang.String.replace(CC)Ljava/lang/String; @ 26
Event: 0.467 Thread 0x0000000016c65000 Uncommon trap: reason=unstable_if action=reinterpret pc=0x00000000028f2f48 method=java.lang.String.indexOf([CII[CIII)I @ 3
Event: 0.471 Thread 0x0000000016c65000 Uncommon trap: reason=unstable_if action=reinterpret pc=0x000000000296e0b8 method=java.util.HashMap.putVal(ILjava/lang/Object;Ljava/lang/Object;ZZ)Ljava/lang/Object; @ 81
Event: 0.481 Thread 0x0000000016c65000 Uncommon trap: reason=unstable_if action=reinterpret pc=0x000000000298d504 method=java.util.regex.Pattern.append(II)V @ 6

Internal exceptions (9 events):
Event: 0.038 Thread 0x0000000002620800 Exception <a 'java/lang/NoSuchMethodError': Method sun.misc.Unsafe.defineClass(Ljava/lang/String;[BII)Ljava/lang/Class; name or signature does not match> (0x00000000eb20d400) thrown at [C:\workspace\8-2-build-windows-amd64-cygwin\jdk8u65\4987\hotspot\src\s0eäüP£?
Event: 0.038 Thread 0x0000000002620800 Exception <a 'java/lang/NoSuchMethodError': Method sun.misc.Unsafe.prefetchRead(Ljava/lang/Object;J)V name or signature does not match> (0x00000000eb20d6e8) thrown at [C:\workspace\8-2-build-windows-amd64-cygwin\jdk8u65\4987\hotspot\src\share\vm\prims\jni.ÄZùa√?
Event: 0.149 Thread 0x0000000002620800 Exception <a 'java/lang/NoSuchFieldError': method resolution failed> (0x00000000eb412b48) thrown at [C:\workspace\8-2-build-windows-amd64-cygwin\jdk8u65\4987\hotspot\src\share\vm\prims\methodHandles.cpp, line 1146]
Event: 0.151 Thread 0x0000000002620800 Exception <a 'java/lang/NoSuchFieldError': method resolution failed> (0x00000000eb41fec8) thrown at [C:\workspace\8-2-build-windows-amd64-cygwin\jdk8u65\4987\hotspot\src\share\vm\prims\methodHandles.cpp, line 1146]
Event: 0.172 Thread 0x0000000002620800 Exception <a 'java/security/PrivilegedActionException'> (0x00000000eb4aaa70) thrown at [C:\workspace\8-2-build-windows-amd64-cygwin\jdk8u65\4987\hotspot\src\share\vm\prims\jvm.cpp, line 1386]
Event: 0.172 Thread 0x0000000002620800 Exception <a 'java/security/PrivilegedActionException'> (0x00000000eb4aac80) thrown at [C:\workspace\8-2-build-windows-amd64-cygwin\jdk8u65\4987\hotspot\src\share\vm\prims\jvm.cpp, line 1386]
Event: 0.173 Thread 0x0000000002620800 Exception <a 'java/security/PrivilegedActionException'> (0x00000000eb4ae828) thrown at [C:\workspace\8-2-build-windows-amd64-cygwin\jdk8u65\4987\hotspot\src\share\vm\prims\jvm.cpp, line 1386]
Event: 0.173 Thread 0x0000000002620800 Exception <a 'java/security/PrivilegedActionException'> (0x00000000eb4aea38) thrown at [C:\workspace\8-2-build-windows-amd64-cygwin\jdk8u65\4987\hotspot\src\share\vm\prims\jvm.cpp, line 1386]
Event: 0.173 Thread 0x0000000002620800 Exception <a 'java/lang/NullPointerException'> (0x00000000eb4af010) thrown at [C:\workspace\8-2-build-windows-amd64-cygwin\jdk8u65\4987\hotspot\src\share\vm\interpreter\linkResolver.cpp, line 1178]

Events (10 events):
Event: 0.756 loading class org/ocpsoft/prettytime/shade/com/joestelmach/natty/generated/DateParser$meridian_indicator_return
Event: 0.756 loading class org/ocpsoft/prettytime/shade/com/joestelmach/natty/generated/DateParser$meridian_indicator_return done
Event: 0.761 loading class org/ocpsoft/prettytime/shade/com/joestelmach/natty/generated/DateParser$explicit_time_hours_minutes_return
Event: 0.761 loading class org/ocpsoft/prettytime/shade/com/joestelmach/natty/generated/DateParser$explicit_time_hours_minutes_return done
Event: 0.762 loading class org/ocpsoft/prettytime/shade/com/joestelmach/natty/generated/DateParser$named_relative_time_return
Event: 0.762 loading class org/ocpsoft/prettytime/shade/com/joestelmach/natty/generated/DateParser$named_relative_time_return done
Event: 0.763 loading class org/ocpsoft/prettytime/shade/com/joestelmach/natty/generated/DateParser$relative_time_span_return
Event: 0.763 loading class org/ocpsoft/prettytime/shade/com/joestelmach/natty/generated/DateParser$relative_time_span_return done
Event: 0.764 loading class org/ocpsoft/prettytime/shade/com/joestelmach/natty/generated/DateParser$relative_time_suffix_anchor_return
Event: 0.764 loading class org/ocpsoft/prettytime/shade/com/joestelmach/natty/generated/DateParser$relative_time_suffix_anchor_return done


Dynamic libraries:
0x00007ff7dd720000 - 0x00007ff7dd757000 	C:\Program Files\Java\jre1.8.0_65\bin\javaw.exe
0x00007fffafe10000 - 0x00007fffaffbd000 	C:\windows\SYSTEM32\ntdll.dll
0x00007fffad490000 - 0x00007fffad5ce000 	C:\windows\system32\KERNEL32.DLL
0x00007fffad320000 - 0x00007fffad435000 	C:\windows\system32\KERNELBASE.dll
0x00007fffab040000 - 0x00007fffab0ce000 	C:\windows\system32\apphelp.dll
0x00007fffa8d40000 - 0x00007fffa8d93000 	C:\windows\AppPatch\AppPatch64\AcGenral.DLL
0x00007fffafc00000 - 0x00007fffafcaa000 	C:\windows\system32\msvcrt.dll
0x00007ffface00000 - 0x00007ffface2e000 	C:\windows\SYSTEM32\SspiCli.dll
0x00007fffaf980000 - 0x00007fffaf9d4000 	C:\windows\system32\SHLWAPI.dll
0x00007fffaf630000 - 0x00007fffaf7a7000 	C:\windows\system32\USER32.dll
0x00007fffaee90000 - 0x00007fffaf024000 	C:\windows\system32\ole32.dll
0x00007fffad960000 - 0x00007fffaee8a000 	C:\windows\system32\SHELL32.dll
0x00007fffac120000 - 0x00007fffac141000 	C:\windows\SYSTEM32\USERENV.dll
0x00007fffaf580000 - 0x00007fffaf62a000 	C:\windows\system32\ADVAPI32.dll
0x00007fffa00b0000 - 0x00007fffa00ce000 	C:\windows\SYSTEM32\MPR.dll
0x00007fffad7b0000 - 0x00007fffad8f1000 	C:\windows\system32\RPCRT4.dll
0x00007fffad900000 - 0x00007fffad959000 	C:\windows\SYSTEM32\sechost.dll
0x00007fffaf9e0000 - 0x00007fffafbf1000 	C:\windows\SYSTEM32\combase.dll
0x00007fffafcb0000 - 0x00007fffafe00000 	C:\windows\system32\GDI32.dll
0x00007fffacf60000 - 0x00007fffacf75000 	C:\windows\SYSTEM32\profapi.dll
0x00007fffac580000 - 0x00007fffac632000 	C:\windows\SYSTEM32\SHCORE.dll
0x00007fffaf380000 - 0x00007fffaf3b6000 	C:\windows\system32\IMM32.DLL
0x00007fffaf7b0000 - 0x00007fffaf902000 	C:\windows\system32\MSCTF.dll
0x00007fffaca50000 - 0x00007fffacccb000 	C:\windows\WinSxS\amd64_microsoft.windows.common-controls_6595b64144ccf1df_6.0.9600.18006_none_623f33d3ecbe86e8\COMCTL32.dll
0x0000000059080000 - 0x0000000059152000 	C:\Program Files\Java\jre1.8.0_65\bin\msvcr100.dll
0x0000000059230000 - 0x0000000059ab9000 	C:\Program Files\Java\jre1.8.0_65\bin\server\jvm.dll
0x00007fffa2700000 - 0x00007fffa2709000 	C:\windows\SYSTEM32\WSOCK32.dll
0x00007fffa2b00000 - 0x00007fffa2b22000 	C:\windows\SYSTEM32\WINMM.dll
0x00007fffab740000 - 0x00007fffab74a000 	C:\windows\SYSTEM32\VERSION.dll
0x00007fffaf1e0000 - 0x00007fffaf1e7000 	C:\windows\system32\PSAPI.DLL
0x00007fffaf430000 - 0x00007fffaf48a000 	C:\windows\system32\WS2_32.dll
0x00007fffa0b10000 - 0x00007fffa0b3a000 	C:\windows\SYSTEM32\WINMMBASE.dll
0x00007fffaf910000 - 0x00007fffaf919000 	C:\windows\system32\NSI.dll
0x00007fffad440000 - 0x00007fffad48f000 	C:\windows\SYSTEM32\cfgmgr32.dll
0x00007fffab290000 - 0x00007fffab2b8000 	C:\windows\SYSTEM32\DEVOBJ.dll
0x0000000059220000 - 0x000000005922f000 	C:\Program Files\Java\jre1.8.0_65\bin\verify.dll
0x00000000591f0000 - 0x0000000059219000 	C:\Program Files\Java\jre1.8.0_65\bin\java.dll
0x00000000591d0000 - 0x00000000591e6000 	C:\Program Files\Java\jre1.8.0_65\bin\zip.dll
0x00007fffa31c0000 - 0x00007fffa32af000 	C:\Program Files\Java\jre1.8.0_65\bin\msvcr120.dll
0x00007fffa3300000 - 0x00007fffa33a6000 	C:\Program Files\Java\jre1.8.0_65\bin\msvcp120.dll
0x0000000059050000 - 0x0000000059073000 	C:\Program Files\Java\jre1.8.0_65\bin\prism_d3d.dll
0x00007fff81250000 - 0x00007fff81471000 	C:\windows\system32\d3d9.dll
0x00007fffaa8d0000 - 0x00007fffaa8f1000 	C:\windows\SYSTEM32\dwmapi.dll
0x00007fffab110000 - 0x00007fffab239000 	C:\windows\system32\uxtheme.dll
0x00007fff7fab0000 - 0x00007fff8124c000 	C:\windows\SYSTEM32\igdumdim64.dll
0x0000000059000000 - 0x0000000059043000 	C:\Program Files\Java\jre1.8.0_65\bin\glass.dll
0x00007fffaf2c0000 - 0x00007fffaf376000 	C:\windows\system32\COMDLG32.dll
0x00007fffaf1f0000 - 0x00007fffaf2b1000 	C:\windows\system32\OLEAUT32.dll
0x00007fffa5020000 - 0x00007fffa50cb000 	C:\Program Files\Common Files\microsoft shared\ink\tiptsf.dll
0x00007fffab300000 - 0x00007fffab30b000 	C:\windows\SYSTEM32\kernel.appcore.dll
0x00007fffacea0000 - 0x00007fffaceab000 	C:\windows\SYSTEM32\CRYPTBASE.dll
0x00007ffface30000 - 0x00007ffface93000 	C:\windows\SYSTEM32\bcryptPrimitives.dll
0x00007fffa8f00000 - 0x00007fffa98c9000 	C:\windows\SYSTEM32\igdusc64.dll
0x00000000591b0000 - 0x00000000591ca000 	C:\Program Files\Java\jre1.8.0_65\bin\net.dll
0x00007fffac3e0000 - 0x00007fffac439000 	C:\windows\system32\mswsock.dll
0x0000000059190000 - 0x00000000591a1000 	C:\Program Files\Java\jre1.8.0_65\bin\nio.dll

VM Arguments:
jvm_args: -Dfile.encoding=Cp1252 
java_command: gui.Main
java_class_path (initial): C:\Users\William\git\cs2103\main\bin;C:\Users\William\.p2\pool\plugins\org.eclipse.fx.ide.css.jfx8_2.3.0.201603030809.jar;C:\Users\William\.p2\pool\plugins\org.junit_4.12.0.v201504281640\junit.jar;C:\Users\William\.p2\pool\plugins\org.hamcrest.core_1.3.0.v201303031735.jar;C:\Users\William\git\cs2103\main\gson-2.6.1.jar;C:\Users\William\git\cs2103\main\prettytime-nlp-4.0.1.jar
Launcher Type: SUN_STANDARD

Environment Variables:
PATH=C:/Program Files/Java/jre1.8.0_65/bin/server;C:/Program Files/Java/jre1.8.0_65/bin;C:/Program Files/Java/jre1.8.0_65/lib/amd64;C:\ProgramData\Oracle\Java\javapath;C:\windows\system32;C:\windows;C:\windows\System32\Wbem;C:\windows\System32\WindowsPowerShell\v1.0\;C:\Program Files (x86)\Windows Live\Shared;C:\Program Files (x86)\SSH Communications Security\SSH Secure Shell;C:\windows\system32;
USERNAME=William
OS=Windows_NT
PROCESSOR_IDENTIFIER=Intel64 Family 6 Model 69 Stepping 1, GenuineIntel



---------------  S Y S T E M  ---------------

OS: Windows 8.1 , 64 bit Build 9600 (6.3.9600.17415)

CPU:total 4 (2 cores per cpu, 2 threads per core) family 6 model 69 stepping 1, cmov, cx8, fxsr, mmx, sse, sse2, sse3, ssse3, sse4.1, sse4.2, popcnt, avx, avx2, aes, clmul, erms, lzcnt, ht, tsc, tscinvbit, bmi1, bmi2

Memory: 4k page, physical 4097096k(911172k free), swap 7242824k(5136k free)

vm_info: Java HotSpot(TM) 64-Bit Server VM (25.65-b01) for windows-amd64 JRE (1.8.0_65-b17), built on Oct  6 2015 16:39:20 by "java_re" with MS VC++ 10.0 (VS2010)

time: Wed Mar 16 00:11:13 2016
elapsed time: 0 seconds (0d 0h 0m 0s)

